<?xml version="1.0" encoding="UTF-8"?>
<!-- Generated by org.testng.reporters.JUnitXMLReporter -->
<testsuite ignored="2" hostname="INLPF1AX91E" failures="0" tests="0" time="0.001" errors="0" timestamp="2024-11-13T13:59:29 IST">
  <testcase classname="Framework.Eshopping.Potest" name="verifyProductDisplayInOrderPage" time="0.0">
    <ignored/>
  </testcase> <!-- verifyProductDisplayInOrderPage -->
  <testcase classname="Framework.Eshopping.Potest" name="placeOrder" time="0.0">
    <ignored/>
  </testcase> <!-- placeOrder -->
</testsuite>
