<?xml version="1.0" encoding="UTF-8"?>
<!-- Generated by org.testng.reporters.JUnitXMLReporter -->
<testsuite ignored="1" hostname="INLPF1AX91E" failures="0" tests="1" name="Error Validations Test" time="46.755" errors="0" timestamp="2024-11-12T20:49:45 IST">
  <testcase classname="Framework.Eshopping.ErrorValidation" name="VerifyLoginErrorMessage" time="0.382"/>
  <testcase classname="Framework.Eshopping.ErrorValidation" name="verifyProductDisplayInCartPage" time="0.0">
    <ignored/>
  </testcase> <!-- verifyProductDisplayInCartPage -->
</testsuite> <!-- Error Validations Test -->
