<?xml version="1.0" encoding="UTF-8"?>
<!-- Generated by org.testng.reporters.JUnitXMLReporter -->
<testsuite ignored="2" hostname="INLPF1AX91E" failures="0" tests="0" time="0.02" errors="0" timestamp="2024-11-12T20:48:59 IST">
  <testcase classname="Framework.Eshopping.Potest" name="placeOrder" time="0.0">
    <ignored/>
  </testcase> <!-- placeOrder -->
  <testcase classname="Framework.Eshopping.Potest" name="verifyProductDisplayInOrderPage" time="0.0">
    <ignored/>
  </testcase> <!-- verifyProductDisplayInOrderPage -->
</testsuite>
