<?xml version="1.0" encoding="UTF-8"?>
<testng-results ignored="0" total="1" passed="1" failed="0" skipped="0">
  <reporter-output>
  </reporter-output>
  <suite started-at="2024-11-13T13:58:44 IST" name="Groups Suite" finished-at="2024-11-13T13:59:28 IST" duration-ms="44340">
    <groups>
      <group name="ErrorValidation">
        <method signature="ErrorValidation.VerifyLoginErrorMessage()[pri:0, instance:Framework.Eshopping.ErrorValidation@644baf4a]" name="VerifyLoginErrorMessage" class="Framework.Eshopping.ErrorValidation"/>
      </group> <!-- ErrorValidation -->
    </groups>
    <test started-at="2024-11-13T13:58:44 IST" name="Error Validations Test" finished-at="2024-11-13T13:59:28 IST" duration-ms="43800">
      <class name="Framework.Eshopping.ErrorValidation">
        <test-method is-config="true" signature="launchApplication()[pri:0, instance:Framework.Eshopping.ErrorValidation@644baf4a]" started-at="2024-11-13T13:58:44 IST" name="launchApplication" finished-at="2024-11-13T13:59:27 IST" duration-ms="43046" status="PASS">
          <reporter-output>
          </reporter-output>
        </test-method> <!-- launchApplication -->
        <test-method signature="VerifyLoginErrorMessage()[pri:0, instance:Framework.Eshopping.ErrorValidation@644baf4a]" started-at="2024-11-13T13:59:27 IST" name="VerifyLoginErrorMessage" finished-at="2024-11-13T13:59:28 IST" duration-ms="451" status="PASS">
          <reporter-output>
          </reporter-output>
        </test-method> <!-- VerifyLoginErrorMessage -->
        <test-method is-config="true" signature="closeDriver()[pri:0, instance:Framework.Eshopping.ErrorValidation@644baf4a]" started-at="2024-11-13T13:59:28 IST" name="closeDriver" finished-at="2024-11-13T13:59:28 IST" duration-ms="180" status="PASS">
          <reporter-output>
          </reporter-output>
        </test-method> <!-- closeDriver -->
      </class> <!-- Framework.Eshopping.ErrorValidation -->
    </test> <!-- Error Validations Test -->
    <test started-at="2024-11-13T13:59:28 IST" name="Submit Order Test" finished-at="2024-11-13T13:59:28 IST" duration-ms="1">
      <class name="Framework.Eshopping.Potest">
        <test-method is-config="true" signature="createreports()[pri:0, instance:Framework.Eshopping.Potest@1033576a]" started-at="2024-11-13T13:58:44 IST" name="createreports" finished-at="2024-11-13T13:58:44 IST" duration-ms="650" status="PASS">
          <reporter-output>
          </reporter-output>
        </test-method> <!-- createreports -->
      </class> <!-- Framework.Eshopping.Potest -->
    </test> <!-- Submit Order Test -->
  </suite> <!-- Groups Suite -->
</testng-results>
